#log# Automatic Logger file. *** THIS MUST BE THE FIRST LINE ***
#log# DO NOT CHANGE THIS LINE OR THE TWO BELOW -* coding: UTF-8 *-
#log# opts = Struct({'__allownew': True,
 'autocall': 2,
 'banner': 0,
 'colors': 'LightBG',
 'ipythondir': '/home/jrv/.casa/ipython',
 'logfile': 'ipython-20170214-210209.log',
 'messages': 0,
 'prompt_in1': 'CASA <\\#>: '})
#log# args = []
#log# It is safe to make manual edits below here.
#log#-----------------------------------------------------------------------
execfile("/data/jrv/casa-release-4.6.0-el6/lib/python2.7/assignmentFilter.py")
_ip.magic("pwd ")
_ip.magic("cd /data/jrv/15A-416/ADLeo/3/P/test_peel_1")
listhistory('ADLeo_3P.4_44.ms')
_ip.magic("cd ..")
_ip.system("ls -F ")
listhistory('ADLeo_3P.raw.ms')
exit()
